f:\c++gitprojects\firelight\libbuild\intermediate\vc142.pdb
f:\c++gitprojects\firelight\libbuild\intermediate\vc142.idb
f:\c++gitprojects\firelight\libbuild\intermediate\imgui_stl.obj
f:\c++gitprojects\firelight\libbuild\intermediate\imgui_freetype.obj
f:\c++gitprojects\firelight\libbuild\intermediate\binary_to_compressed_c.obj
f:\c++gitprojects\firelight\libbuild\intermediate\imgui_widgets.obj
f:\c++gitprojects\firelight\libbuild\intermediate\imgui_draw.obj
f:\c++gitprojects\firelight\libbuild\intermediate\imgui_demo.obj
f:\c++gitprojects\firelight\libbuild\intermediate\imgui.obj
f:\c++gitprojects\firelight\libbuild\intermediate\main.obj
f:\c++gitprojects\firelight\libbuild\glfw3.dll
f:\c++gitprojects\firelight\libbuild\firelight.exe
f:\c++gitprojects\firelight\libbuild\intermediate\firelight.ilk
f:\c++gitprojects\firelight\libbuild\firelight.pdb
f:\c++gitprojects\firelight\libbuild\intermediate\firelight.tlog\cl.command.1.tlog
f:\c++gitprojects\firelight\libbuild\intermediate\firelight.tlog\cl.read.1.tlog
f:\c++gitprojects\firelight\libbuild\intermediate\firelight.tlog\cl.write.1.tlog
f:\c++gitprojects\firelight\libbuild\intermediate\firelight.tlog\firelight.write.1u.tlog
f:\c++gitprojects\firelight\libbuild\intermediate\firelight.tlog\link.command.1.tlog
f:\c++gitprojects\firelight\libbuild\intermediate\firelight.tlog\link.read.1.tlog
f:\c++gitprojects\firelight\libbuild\intermediate\firelight.tlog\link.write.1.tlog
